2021-10-04 17:49:53 INFO     Model: TransE
2021-10-04 17:49:53 INFO     Data Path: Data/Module
2021-10-04 17:49:53 INFO     #entity: 1938
2021-10-04 17:49:53 INFO     #relation: 10
2021-10-04 17:49:53 INFO     #train: 15398
2021-10-04 17:49:53 INFO     #valid: 2045
2021-10-04 17:49:53 INFO     #test: 2332
2021-10-04 17:49:53 INFO     Model Parameter Configuration:
2021-10-04 17:49:53 INFO     Parameter gamma: torch.Size([1]), require_grad = False
2021-10-04 17:49:53 INFO     Parameter embedding_range: torch.Size([1]), require_grad = False
2021-10-04 17:49:53 INFO     Parameter entity_embedding: torch.Size([1938, 1000]), require_grad = True
2021-10-04 17:49:53 INFO     Parameter relation_embedding: torch.Size([10, 1000]), require_grad = True
2021-10-04 17:49:53 INFO     Parameter beta: torch.Size([1]), require_grad = False
2021-10-04 17:49:53 INFO     Parameter user_embedding.weight: torch.Size([1938, 8]), require_grad = True
2021-10-04 17:49:53 INFO     Parameter item_embedding.weight: torch.Size([1938, 8]), require_grad = True
2021-10-04 17:49:53 INFO     Parameter fc_layers.0.weight: torch.Size([8, 16]), require_grad = True
2021-10-04 17:49:53 INFO     Parameter fc_layers.0.bias: torch.Size([8]), require_grad = True
2021-10-04 17:49:53 INFO     Parameter output_layer.weight: torch.Size([1, 8]), require_grad = True
2021-10-04 17:49:53 INFO     Parameter output_layer.bias: torch.Size([1]), require_grad = True
2021-10-04 17:49:53 INFO     Randomly Initializing TransE Model...
2021-10-04 17:49:53 INFO     Start Training...
2021-10-04 17:49:53 INFO     init_step = 0
2021-10-04 17:49:53 INFO     batch_size = 1024
2021-10-04 17:49:53 INFO     negative_adversarial_sampling = 1
2021-10-04 17:49:53 INFO     hidden_dim = 1000
2021-10-04 17:49:53 INFO     gamma = 24.000000
2021-10-04 17:49:53 INFO     negative_adversarial_sampling = True
2021-10-04 17:49:53 INFO     adversarial_temperature = 1.000000
2021-10-04 17:49:53 INFO     learning_rate = 0
2021-10-04 17:50:02 INFO     Training average positive_sample_loss at step 0: 0.057255
2021-10-04 17:50:02 INFO     Training average negative_sample_loss at step 0: 4.271089
2021-10-04 17:50:02 INFO     Training average loss at step 0: 2.164172
2021-10-04 17:50:02 INFO     Evaluating on Valid Dataset...
2021-10-04 17:50:02 INFO     Evaluating the model... (0/256)
2021-10-04 17:50:26 INFO     Valid MRR at step 0: 0.003732
2021-10-04 17:50:26 INFO     Valid MR at step 0: 848.334230
2021-10-04 17:50:26 INFO     Valid HITS@1 at step 0: 0.000000
2021-10-04 17:50:26 INFO     Valid HITS@3 at step 0: 0.000978
2021-10-04 17:50:26 INFO     Valid HITS@10 at step 0: 0.002934
2021-10-04 17:56:06 INFO     Training average positive_sample_loss at step 100: 0.467176
2021-10-04 17:56:06 INFO     Training average negative_sample_loss at step 100: 1.704904
2021-10-04 17:56:06 INFO     Training average loss at step 100: 1.086040
2021-10-04 18:00:28 INFO     Training average positive_sample_loss at step 200: 0.453779
2021-10-04 18:00:28 INFO     Training average negative_sample_loss at step 200: 0.632348
2021-10-04 18:00:28 INFO     Training average loss at step 200: 0.543063
2021-10-04 18:04:11 INFO     Training average positive_sample_loss at step 300: 0.403756
2021-10-04 18:04:11 INFO     Training average negative_sample_loss at step 300: 0.482033
2021-10-04 18:04:11 INFO     Training average loss at step 300: 0.442895
2021-10-04 18:13:43 INFO     Training average positive_sample_loss at step 400: 0.362217
2021-10-04 18:13:43 INFO     Training average negative_sample_loss at step 400: 0.413891
2021-10-04 18:13:43 INFO     Training average loss at step 400: 0.388054
2021-10-04 18:17:37 INFO     Training average positive_sample_loss at step 500: 0.327622
2021-10-04 18:17:37 INFO     Training average negative_sample_loss at step 500: 0.364405
2021-10-04 18:17:37 INFO     Training average loss at step 500: 0.346014
2021-10-04 18:56:12 INFO     Training average positive_sample_loss at step 600: 0.297582
2021-10-04 18:56:12 INFO     Training average negative_sample_loss at step 600: 0.323968
2021-10-04 18:56:12 INFO     Training average loss at step 600: 0.310775
2021-10-04 19:05:11 INFO     Training average positive_sample_loss at step 700: 0.271262
2021-10-04 19:05:11 INFO     Training average negative_sample_loss at step 700: 0.291039
2021-10-04 19:05:11 INFO     Training average loss at step 700: 0.281150
2021-10-04 19:16:57 INFO     Training average positive_sample_loss at step 800: 0.249267
2021-10-04 19:16:57 INFO     Training average negative_sample_loss at step 800: 0.264452
2021-10-04 19:16:57 INFO     Training average loss at step 800: 0.256860
2021-10-04 19:27:56 INFO     Training average positive_sample_loss at step 900: 0.230884
2021-10-04 19:27:56 INFO     Training average negative_sample_loss at step 900: 0.242680
2021-10-04 19:27:56 INFO     Training average loss at step 900: 0.236782
2021-10-04 19:38:32 INFO     Training average positive_sample_loss at step 1000: 0.215139
2021-10-04 19:38:32 INFO     Training average negative_sample_loss at step 1000: 0.222863
2021-10-04 19:38:32 INFO     Training average loss at step 1000: 0.219001
2021-10-04 19:48:09 INFO     Training average positive_sample_loss at step 1100: 0.199672
2021-10-04 19:48:09 INFO     Training average negative_sample_loss at step 1100: 0.205152
2021-10-04 19:48:09 INFO     Training average loss at step 1100: 0.202412
2021-10-04 20:01:21 INFO     Training average positive_sample_loss at step 1200: 0.186514
2021-10-04 20:01:21 INFO     Training average negative_sample_loss at step 1200: 0.189769
2021-10-04 20:01:21 INFO     Training average loss at step 1200: 0.188142
2021-10-04 20:07:48 INFO     Training average positive_sample_loss at step 1300: 0.175977
2021-10-04 20:07:48 INFO     Training average negative_sample_loss at step 1300: 0.177612
2021-10-04 20:07:48 INFO     Training average loss at step 1300: 0.176794
2021-10-04 20:12:25 INFO     Training average positive_sample_loss at step 1400: 0.165306
2021-10-04 20:12:25 INFO     Training average negative_sample_loss at step 1400: 0.165367
2021-10-04 20:12:25 INFO     Training average loss at step 1400: 0.165336
2021-10-04 20:17:00 INFO     Training average positive_sample_loss at step 1500: 0.156197
2021-10-04 20:17:00 INFO     Training average negative_sample_loss at step 1500: 0.154747
2021-10-04 20:17:00 INFO     Training average loss at step 1500: 0.155472
2021-10-04 20:20:48 INFO     Training average positive_sample_loss at step 1600: 0.148011
2021-10-04 20:20:48 INFO     Training average negative_sample_loss at step 1600: 0.145787
2021-10-04 20:20:48 INFO     Training average loss at step 1600: 0.146899
2021-10-04 20:41:35 INFO     Training average positive_sample_loss at step 1700: 0.140441
2021-10-04 20:41:35 INFO     Training average negative_sample_loss at step 1700: 0.137073
2021-10-04 20:41:35 INFO     Training average loss at step 1700: 0.138757
2021-10-04 20:45:58 INFO     Training average positive_sample_loss at step 1800: 0.133370
2021-10-04 20:45:58 INFO     Training average negative_sample_loss at step 1800: 0.129462
2021-10-04 20:45:58 INFO     Training average loss at step 1800: 0.131416
2021-10-04 20:52:11 INFO     Training average positive_sample_loss at step 1900: 0.127549
2021-10-04 20:52:11 INFO     Training average negative_sample_loss at step 1900: 0.122624
2021-10-04 20:52:11 INFO     Training average loss at step 1900: 0.125087
2021-10-04 20:56:22 INFO     Training average positive_sample_loss at step 2000: 0.121264
2021-10-04 20:56:22 INFO     Training average negative_sample_loss at step 2000: 0.115933
2021-10-04 20:56:22 INFO     Training average loss at step 2000: 0.118599
2021-10-04 21:11:53 INFO     Training average positive_sample_loss at step 2100: 0.116590
2021-10-04 21:11:53 INFO     Training average negative_sample_loss at step 2100: 0.110470
2021-10-04 21:11:53 INFO     Training average loss at step 2100: 0.113530
2021-10-04 21:15:50 INFO     Training average positive_sample_loss at step 2200: 0.111555
2021-10-04 21:15:50 INFO     Training average negative_sample_loss at step 2200: 0.105035
2021-10-04 21:15:50 INFO     Training average loss at step 2200: 0.108295
2021-10-04 21:19:29 INFO     Training average positive_sample_loss at step 2300: 0.107387
2021-10-04 21:19:29 INFO     Training average negative_sample_loss at step 2300: 0.100389
2021-10-04 21:19:29 INFO     Training average loss at step 2300: 0.103888
2021-10-04 21:23:01 INFO     Training average positive_sample_loss at step 2400: 0.103064
2021-10-04 21:23:01 INFO     Training average negative_sample_loss at step 2400: 0.095613
2021-10-04 21:23:01 INFO     Training average loss at step 2400: 0.099338
2021-10-04 21:27:23 INFO     Training average positive_sample_loss at step 2500: 0.099565
2021-10-04 21:27:23 INFO     Training average negative_sample_loss at step 2500: 0.092309
2021-10-04 21:27:23 INFO     Training average loss at step 2500: 0.095937
2021-10-04 21:31:03 INFO     Training average positive_sample_loss at step 2600: 0.096039
2021-10-04 21:31:03 INFO     Training average negative_sample_loss at step 2600: 0.088134
2021-10-04 21:31:03 INFO     Training average loss at step 2600: 0.092086
2021-10-04 21:35:46 INFO     Training average positive_sample_loss at step 2700: 0.093125
2021-10-04 21:35:46 INFO     Training average negative_sample_loss at step 2700: 0.085005
2021-10-04 21:35:46 INFO     Training average loss at step 2700: 0.089065
2021-10-04 21:40:05 INFO     Training average positive_sample_loss at step 2800: 0.089761
2021-10-04 21:40:05 INFO     Training average negative_sample_loss at step 2800: 0.081592
2021-10-04 21:40:05 INFO     Training average loss at step 2800: 0.085677
2021-10-04 21:43:44 INFO     Training average positive_sample_loss at step 2900: 0.087276
2021-10-04 21:43:44 INFO     Training average negative_sample_loss at step 2900: 0.078746
2021-10-04 21:43:44 INFO     Training average loss at step 2900: 0.083011
2021-10-04 21:47:22 INFO     Training average positive_sample_loss at step 3000: 0.084697
2021-10-04 21:47:22 INFO     Training average negative_sample_loss at step 3000: 0.075963
2021-10-04 21:47:22 INFO     Training average loss at step 3000: 0.080330
2021-10-04 21:51:33 INFO     Training average positive_sample_loss at step 3100: 0.082408
2021-10-04 21:51:33 INFO     Training average negative_sample_loss at step 3100: 0.073630
2021-10-04 21:51:33 INFO     Training average loss at step 3100: 0.078019
2021-10-04 21:55:21 INFO     Training average positive_sample_loss at step 3200: 0.079788
2021-10-04 21:55:21 INFO     Training average negative_sample_loss at step 3200: 0.070820
2021-10-04 21:55:21 INFO     Training average loss at step 3200: 0.075304
2021-10-04 21:58:49 INFO     Training average positive_sample_loss at step 3300: 0.078278
2021-10-04 21:58:49 INFO     Training average negative_sample_loss at step 3300: 0.069323
2021-10-04 21:58:49 INFO     Training average loss at step 3300: 0.073801
2021-10-04 22:02:59 INFO     Training average positive_sample_loss at step 3400: 0.076013
2021-10-04 22:02:59 INFO     Training average negative_sample_loss at step 3400: 0.066771
2021-10-04 22:02:59 INFO     Training average loss at step 3400: 0.071392
2021-10-04 22:07:17 INFO     Training average positive_sample_loss at step 3500: 0.074001
2021-10-04 22:07:17 INFO     Training average negative_sample_loss at step 3500: 0.064884
2021-10-04 22:07:17 INFO     Training average loss at step 3500: 0.069443
2021-10-04 22:11:36 INFO     Training average positive_sample_loss at step 3600: 0.072425
2021-10-04 22:11:36 INFO     Training average negative_sample_loss at step 3600: 0.063184
2021-10-04 22:11:36 INFO     Training average loss at step 3600: 0.067805
2021-10-04 22:15:48 INFO     Training average positive_sample_loss at step 3700: 0.070594
2021-10-04 22:15:48 INFO     Training average negative_sample_loss at step 3700: 0.061235
2021-10-04 22:15:48 INFO     Training average loss at step 3700: 0.065914
2021-10-04 22:19:47 INFO     Training average positive_sample_loss at step 3800: 0.069554
2021-10-04 22:19:47 INFO     Training average negative_sample_loss at step 3800: 0.060006
2021-10-04 22:19:47 INFO     Training average loss at step 3800: 0.064780
2021-10-04 22:23:26 INFO     Training average positive_sample_loss at step 3900: 0.067814
2021-10-04 22:23:26 INFO     Training average negative_sample_loss at step 3900: 0.058366
2021-10-04 22:23:26 INFO     Training average loss at step 3900: 0.063090
2021-10-04 22:27:04 INFO     Training average positive_sample_loss at step 4000: 0.066842
2021-10-04 22:27:04 INFO     Training average negative_sample_loss at step 4000: 0.057302
2021-10-04 22:27:04 INFO     Training average loss at step 4000: 0.062072
2021-10-04 22:30:43 INFO     Training average positive_sample_loss at step 4100: 0.065605
2021-10-04 22:30:43 INFO     Training average negative_sample_loss at step 4100: 0.056006
2021-10-04 22:30:43 INFO     Training average loss at step 4100: 0.060806
2021-10-04 22:34:33 INFO     Training average positive_sample_loss at step 4200: 0.064296
2021-10-04 22:34:33 INFO     Training average negative_sample_loss at step 4200: 0.054778
2021-10-04 22:34:33 INFO     Training average loss at step 4200: 0.059537
2021-10-04 22:39:00 INFO     Training average positive_sample_loss at step 4300: 0.062891
2021-10-04 22:39:00 INFO     Training average negative_sample_loss at step 4300: 0.053365
2021-10-04 22:39:00 INFO     Training average loss at step 4300: 0.058128
2021-10-04 22:42:48 INFO     Training average positive_sample_loss at step 4400: 0.062095
2021-10-04 22:42:48 INFO     Training average negative_sample_loss at step 4400: 0.052438
2021-10-04 22:42:48 INFO     Training average loss at step 4400: 0.057266
2021-10-04 22:46:34 INFO     Training average positive_sample_loss at step 4500: 0.061232
2021-10-04 22:46:34 INFO     Training average negative_sample_loss at step 4500: 0.051537
2021-10-04 22:46:34 INFO     Training average loss at step 4500: 0.056384
2021-10-04 22:50:57 INFO     Training average positive_sample_loss at step 4600: 0.060273
2021-10-04 22:50:57 INFO     Training average negative_sample_loss at step 4600: 0.050577
2021-10-04 22:50:57 INFO     Training average loss at step 4600: 0.055425
2021-10-04 22:54:48 INFO     Training average positive_sample_loss at step 4700: 0.059460
2021-10-04 22:54:48 INFO     Training average negative_sample_loss at step 4700: 0.049705
2021-10-04 22:54:48 INFO     Training average loss at step 4700: 0.054582
2021-10-04 22:58:23 INFO     Training average positive_sample_loss at step 4800: 0.058645
2021-10-04 22:58:23 INFO     Training average negative_sample_loss at step 4800: 0.049010
2021-10-04 22:58:23 INFO     Training average loss at step 4800: 0.053827
2021-10-04 23:01:56 INFO     Training average positive_sample_loss at step 4900: 0.057970
2021-10-04 23:01:56 INFO     Training average negative_sample_loss at step 4900: 0.048239
2021-10-04 23:01:56 INFO     Training average loss at step 4900: 0.053104
2021-10-04 23:05:30 INFO     Training average positive_sample_loss at step 5000: 0.057013
2021-10-04 23:05:30 INFO     Training average negative_sample_loss at step 5000: 0.047435
2021-10-04 23:05:30 INFO     Training average loss at step 5000: 0.052224
2021-10-04 23:15:57 INFO     Training average positive_sample_loss at step 5100: 0.056449
2021-10-04 23:15:57 INFO     Training average negative_sample_loss at step 5100: 0.046715
2021-10-04 23:15:57 INFO     Training average loss at step 5100: 0.051582
2021-10-05 08:47:53 INFO     Training average positive_sample_loss at step 5200: 0.055867
2021-10-05 08:47:54 INFO     Training average negative_sample_loss at step 5200: 0.046164
2021-10-05 08:47:54 INFO     Training average loss at step 5200: 0.051016
